Analysis & Synthesis report for Lab4
Mon Nov 21 12:00:49 2022
Quartus Prime Version 20.1.0 Build 711 06/05/2020 SJ Lite Edition


---------------------
; Table of Contents ;
---------------------
  1. Legal Notice
  2. Analysis & Synthesis Summary
  3. Analysis & Synthesis Settings
  4. Parallel Compilation
  5. Analysis & Synthesis Source Files Read
  6. Analysis & Synthesis Resource Usage Summary
  7. Analysis & Synthesis Resource Utilization by Entity
  8. State Machine - |Lab4|present_state
  9. User-Specified and Inferred Latches
 10. Registers Removed During Synthesis
 11. General Register Statistics
 12. Parameter Settings for User Entity Instance: mux4to1:adder_mux
 13. Parameter Settings for User Entity Instance: mux4to1:adder_mux|mux2to1:stage1
 14. Parameter Settings for User Entity Instance: mux4to1:adder_mux|mux2to1:stage2
 15. Parameter Settings for User Entity Instance: mux4to1:adder_mux|mux2to1:stage3
 16. Port Connectivity Checks: "ripple_carry:adder"
 17. Port Connectivity Checks: "mux4to1:adder_mux"
 18. Post-Synthesis Netlist Statistics for Top Partition
 19. Elapsed Time Per Partition
 20. Analysis & Synthesis Messages



----------------
; Legal Notice ;
----------------
Copyright (C) 2020  Intel Corporation. All rights reserved.
Your use of Intel Corporation's design tools, logic functions 
and other software and tools, and any partner logic 
functions, and any output files from any of the foregoing 
(including device programming or simulation files), and any 
associated documentation or information are expressly subject 
to the terms and conditions of the Intel Program License 
Subscription Agreement, the Intel Quartus Prime License Agreement,
the Intel FPGA IP License Agreement, or other applicable license
agreement, including, without limitation, that your use is for
the sole purpose of programming logic devices manufactured by
Intel and sold by Intel or its authorized distributors.  Please
refer to the applicable agreement for further details, at
https://fpgasoftware.intel.com/eula.



+----------------------------------------------------------------------------------+
; Analysis & Synthesis Summary                                                     ;
+------------------------------------+---------------------------------------------+
; Analysis & Synthesis Status        ; Successful - Mon Nov 21 12:00:49 2022       ;
; Quartus Prime Version              ; 20.1.0 Build 711 06/05/2020 SJ Lite Edition ;
; Revision Name                      ; Lab4                                        ;
; Top-level Entity Name              ; Lab4                                        ;
; Family                             ; Cyclone IV E                                ;
; Total logic elements               ; 65                                          ;
;     Total combinational functions  ; 51                                          ;
;     Dedicated logic registers      ; 26                                          ;
; Total registers                    ; 26                                          ;
; Total pins                         ; 35                                          ;
; Total virtual pins                 ; 0                                           ;
; Total memory bits                  ; 0                                           ;
; Embedded Multiplier 9-bit elements ; 0                                           ;
; Total PLLs                         ; 0                                           ;
+------------------------------------+---------------------------------------------+


+------------------------------------------------------------------------------------------------------------+
; Analysis & Synthesis Settings                                                                              ;
+------------------------------------------------------------------+--------------------+--------------------+
; Option                                                           ; Setting            ; Default Value      ;
+------------------------------------------------------------------+--------------------+--------------------+
; Device                                                           ; EP4CE6E22A7        ;                    ;
; Top-level entity name                                            ; Lab4               ; Lab4               ;
; Family name                                                      ; Cyclone IV E       ; Cyclone V          ;
; Use smart compilation                                            ; Off                ; Off                ;
; Enable parallel Assembler and Timing Analyzer during compilation ; On                 ; On                 ;
; Enable compact report table                                      ; Off                ; Off                ;
; Restructure Multiplexers                                         ; Auto               ; Auto               ;
; Create Debugging Nodes for IP Cores                              ; Off                ; Off                ;
; Preserve fewer node names                                        ; On                 ; On                 ;
; Intel FPGA IP Evaluation Mode                                    ; Enable             ; Enable             ;
; Verilog Version                                                  ; Verilog_2001       ; Verilog_2001       ;
; VHDL Version                                                     ; VHDL_1993          ; VHDL_1993          ;
; State Machine Processing                                         ; Auto               ; Auto               ;
; Safe State Machine                                               ; Off                ; Off                ;
; Extract Verilog State Machines                                   ; On                 ; On                 ;
; Extract VHDL State Machines                                      ; On                 ; On                 ;
; Ignore Verilog initial constructs                                ; Off                ; Off                ;
; Iteration limit for constant Verilog loops                       ; 5000               ; 5000               ;
; Iteration limit for non-constant Verilog loops                   ; 250                ; 250                ;
; Add Pass-Through Logic to Inferred RAMs                          ; On                 ; On                 ;
; Infer RAMs from Raw Logic                                        ; On                 ; On                 ;
; Parallel Synthesis                                               ; On                 ; On                 ;
; DSP Block Balancing                                              ; Auto               ; Auto               ;
; NOT Gate Push-Back                                               ; On                 ; On                 ;
; Power-Up Don't Care                                              ; On                 ; On                 ;
; Remove Redundant Logic Cells                                     ; Off                ; Off                ;
; Remove Duplicate Registers                                       ; On                 ; On                 ;
; Ignore CARRY Buffers                                             ; Off                ; Off                ;
; Ignore CASCADE Buffers                                           ; Off                ; Off                ;
; Ignore GLOBAL Buffers                                            ; Off                ; Off                ;
; Ignore ROW GLOBAL Buffers                                        ; Off                ; Off                ;
; Ignore LCELL Buffers                                             ; Off                ; Off                ;
; Ignore SOFT Buffers                                              ; On                 ; On                 ;
; Limit AHDL Integers to 32 Bits                                   ; Off                ; Off                ;
; Optimization Technique                                           ; Balanced           ; Balanced           ;
; Carry Chain Length                                               ; 70                 ; 70                 ;
; Auto Carry Chains                                                ; On                 ; On                 ;
; Auto Open-Drain Pins                                             ; On                 ; On                 ;
; Perform WYSIWYG Primitive Resynthesis                            ; Off                ; Off                ;
; Auto ROM Replacement                                             ; On                 ; On                 ;
; Auto RAM Replacement                                             ; On                 ; On                 ;
; Auto DSP Block Replacement                                       ; On                 ; On                 ;
; Auto Shift Register Replacement                                  ; Auto               ; Auto               ;
; Allow Shift Register Merging across Hierarchies                  ; Auto               ; Auto               ;
; Auto Clock Enable Replacement                                    ; On                 ; On                 ;
; Strict RAM Replacement                                           ; Off                ; Off                ;
; Allow Synchronous Control Signals                                ; On                 ; On                 ;
; Force Use of Synchronous Clear Signals                           ; Off                ; Off                ;
; Auto RAM Block Balancing                                         ; On                 ; On                 ;
; Auto RAM to Logic Cell Conversion                                ; Off                ; Off                ;
; Auto Resource Sharing                                            ; Off                ; Off                ;
; Allow Any RAM Size For Recognition                               ; Off                ; Off                ;
; Allow Any ROM Size For Recognition                               ; Off                ; Off                ;
; Allow Any Shift Register Size For Recognition                    ; Off                ; Off                ;
; Use LogicLock Constraints during Resource Balancing              ; On                 ; On                 ;
; Ignore translate_off and synthesis_off directives                ; Off                ; Off                ;
; Timing-Driven Synthesis                                          ; On                 ; On                 ;
; Report Parameter Settings                                        ; On                 ; On                 ;
; Report Source Assignments                                        ; On                 ; On                 ;
; Report Connectivity Checks                                       ; On                 ; On                 ;
; Ignore Maximum Fan-Out Assignments                               ; Off                ; Off                ;
; Synchronization Register Chain Length                            ; 2                  ; 2                  ;
; Power Optimization During Synthesis                              ; Normal compilation ; Normal compilation ;
; HDL message level                                                ; Level2             ; Level2             ;
; Suppress Register Optimization Related Messages                  ; Off                ; Off                ;
; Number of Removed Registers Reported in Synthesis Report         ; 5000               ; 5000               ;
; Number of Swept Nodes Reported in Synthesis Report               ; 5000               ; 5000               ;
; Number of Inverted Registers Reported in Synthesis Report        ; 100                ; 100                ;
; Clock MUX Protection                                             ; On                 ; On                 ;
; Auto Gated Clock Conversion                                      ; Off                ; Off                ;
; Block Design Naming                                              ; Auto               ; Auto               ;
; SDC constraint protection                                        ; Off                ; Off                ;
; Synthesis Effort                                                 ; Auto               ; Auto               ;
; Shift Register Replacement - Allow Asynchronous Clear Signal     ; On                 ; On                 ;
; Pre-Mapping Resynthesis Optimization                             ; Off                ; Off                ;
; Analysis & Synthesis Message Level                               ; Medium             ; Medium             ;
; Disable Register Merging Across Hierarchies                      ; Auto               ; Auto               ;
; Resource Aware Inference For Block RAM                           ; On                 ; On                 ;
+------------------------------------------------------------------+--------------------+--------------------+


+------------------------------------------+
; Parallel Compilation                     ;
+----------------------------+-------------+
; Processors                 ; Number      ;
+----------------------------+-------------+
; Number detected on machine ; 12          ;
; Maximum allowed            ; 6           ;
;                            ;             ;
; Average used               ; 1.00        ;
; Maximum used               ; 6           ;
;                            ;             ;
; Usage by Processor         ; % Time Used ;
;     Processor 1            ; 100.0%      ;
;     Processor 2            ;   0.0%      ;
;     Processors 3-6         ;   0.0%      ;
+----------------------------+-------------+


+-----------------------------------------------------------------------------------------------------------------------------------------------------------------------------------------+
; Analysis & Synthesis Source Files Read                                                                                                                                                  ;
+----------------------------------+-----------------+-----------------+--------------------------------------------------------------------------------------------------------+---------+
; File Name with User-Entered Path ; Used in Netlist ; File Type       ; File Name with Absolute Path                                                                           ; Library ;
+----------------------------------+-----------------+-----------------+--------------------------------------------------------------------------------------------------------+---------+
; Lab4.vhd                         ; yes             ; User VHDL File  ; C:/Users/seant/Nextcloud/Documents/School/2022 Fall/ECE 375 Digital Design 2/Labs/Lab4/Lab4.vhd        ;         ;
; mux2to1.vhd                      ; yes             ; User VHDL File  ; C:/Users/seant/Nextcloud/Documents/School/2022 Fall/ECE 375 Digital Design 2/Labs/Lab4/mux2to1.vhd     ;         ;
; fulladd.vhd                      ; yes             ; User VHDL File  ; C:/Users/seant/Nextcloud/Documents/School/2022 Fall/ECE 375 Digital Design 2/Labs/Lab4/fulladd.vhd     ;         ;
; ripplecarry.vhd                  ; yes             ; User VHDL File  ; C:/Users/seant/Nextcloud/Documents/School/2022 Fall/ECE 375 Digital Design 2/Labs/Lab4/ripplecarry.vhd ;         ;
; mux4to1.vhd                      ; yes             ; User VHDL File  ; C:/Users/seant/Nextcloud/Documents/School/2022 Fall/ECE 375 Digital Design 2/Labs/Lab4/mux4to1.vhd     ;         ;
; components.vhd                   ; yes             ; User VHDL File  ; C:/Users/seant/Nextcloud/Documents/School/2022 Fall/ECE 375 Digital Design 2/Labs/Lab4/components.vhd  ;         ;
+----------------------------------+-----------------+-----------------+--------------------------------------------------------------------------------------------------------+---------+


+-----------------------------------------------------------+
; Analysis & Synthesis Resource Usage Summary               ;
+---------------------------------------------+-------------+
; Resource                                    ; Usage       ;
+---------------------------------------------+-------------+
; Estimated Total logic elements              ; 65          ;
;                                             ;             ;
; Total combinational functions               ; 51          ;
; Logic element usage by number of LUT inputs ;             ;
;     -- 4 input functions                    ; 23          ;
;     -- 3 input functions                    ; 25          ;
;     -- <=2 input functions                  ; 3           ;
;                                             ;             ;
; Logic elements by mode                      ;             ;
;     -- normal mode                          ; 51          ;
;     -- arithmetic mode                      ; 0           ;
;                                             ;             ;
; Total registers                             ; 26          ;
;     -- Dedicated logic registers            ; 26          ;
;     -- I/O registers                        ; 0           ;
;                                             ;             ;
; I/O pins                                    ; 35          ;
;                                             ;             ;
; Embedded Multiplier 9-bit elements          ; 0           ;
;                                             ;             ;
; Maximum fan-out node                        ; clock~input ;
; Maximum fan-out                             ; 26          ;
; Total fan-out                               ; 300         ;
; Average fan-out                             ; 2.04        ;
+---------------------------------------------+-------------+


+--------------------------------------------------------------------------------------------------------------------------------------------------------------------------------------------------------------------------------+
; Analysis & Synthesis Resource Utilization by Entity                                                                                                                                                                            ;
+----------------------------+---------------------+---------------------------+-------------+--------------+---------+-----------+------+--------------+------------------------------------------+--------------+--------------+
; Compilation Hierarchy Node ; Combinational ALUTs ; Dedicated Logic Registers ; Memory Bits ; DSP Elements ; DSP 9x9 ; DSP 18x18 ; Pins ; Virtual Pins ; Full Hierarchy Name                      ; Entity Name  ; Library Name ;
+----------------------------+---------------------+---------------------------+-------------+--------------+---------+-----------+------+--------------+------------------------------------------+--------------+--------------+
; |Lab4                      ; 51 (26)             ; 26 (26)                   ; 0           ; 0            ; 0       ; 0         ; 35   ; 0            ; |Lab4                                    ; Lab4         ; work         ;
;    |mux4to1:adder_mux|     ; 6 (0)               ; 0 (0)                     ; 0           ; 0            ; 0       ; 0         ; 0    ; 0            ; |Lab4|mux4to1:adder_mux                  ; mux4to1      ; work         ;
;       |mux2to1:stage3|     ; 6 (6)               ; 0 (0)                     ; 0           ; 0            ; 0       ; 0         ; 0    ; 0            ; |Lab4|mux4to1:adder_mux|mux2to1:stage3   ; mux2to1      ; work         ;
;    |ripple_carry:adder|    ; 19 (0)              ; 0 (0)                     ; 0           ; 0            ; 0       ; 0         ; 0    ; 0            ; |Lab4|ripple_carry:adder                 ; ripple_carry ; work         ;
;       |fulladd:stage10|    ; 1 (1)               ; 0 (0)                     ; 0           ; 0            ; 0       ; 0         ; 0    ; 0            ; |Lab4|ripple_carry:adder|fulladd:stage10 ; fulladd      ; work         ;
;       |fulladd:stage1|     ; 1 (1)               ; 0 (0)                     ; 0           ; 0            ; 0       ; 0         ; 0    ; 0            ; |Lab4|ripple_carry:adder|fulladd:stage1  ; fulladd      ; work         ;
;       |fulladd:stage2|     ; 4 (4)               ; 0 (0)                     ; 0           ; 0            ; 0       ; 0         ; 0    ; 0            ; |Lab4|ripple_carry:adder|fulladd:stage2  ; fulladd      ; work         ;
;       |fulladd:stage3|     ; 2 (2)               ; 0 (0)                     ; 0           ; 0            ; 0       ; 0         ; 0    ; 0            ; |Lab4|ripple_carry:adder|fulladd:stage3  ; fulladd      ; work         ;
;       |fulladd:stage4|     ; 2 (2)               ; 0 (0)                     ; 0           ; 0            ; 0       ; 0         ; 0    ; 0            ; |Lab4|ripple_carry:adder|fulladd:stage4  ; fulladd      ; work         ;
;       |fulladd:stage5|     ; 2 (2)               ; 0 (0)                     ; 0           ; 0            ; 0       ; 0         ; 0    ; 0            ; |Lab4|ripple_carry:adder|fulladd:stage5  ; fulladd      ; work         ;
;       |fulladd:stage6|     ; 2 (2)               ; 0 (0)                     ; 0           ; 0            ; 0       ; 0         ; 0    ; 0            ; |Lab4|ripple_carry:adder|fulladd:stage6  ; fulladd      ; work         ;
;       |fulladd:stage7|     ; 2 (2)               ; 0 (0)                     ; 0           ; 0            ; 0       ; 0         ; 0    ; 0            ; |Lab4|ripple_carry:adder|fulladd:stage7  ; fulladd      ; work         ;
;       |fulladd:stage8|     ; 2 (2)               ; 0 (0)                     ; 0           ; 0            ; 0       ; 0         ; 0    ; 0            ; |Lab4|ripple_carry:adder|fulladd:stage8  ; fulladd      ; work         ;
;       |fulladd:stage9|     ; 1 (1)               ; 0 (0)                     ; 0           ; 0            ; 0       ; 0         ; 0    ; 0            ; |Lab4|ripple_carry:adder|fulladd:stage9  ; fulladd      ; work         ;
+----------------------------+---------------------+---------------------------+-------------+--------------+---------+-----------+------+--------------+------------------------------------------+--------------+--------------+
Note: For table entries with two numbers listed, the numbers in parentheses indicate the number of resources of the given type used by the specific entity alone. The numbers listed outside of parentheses indicate the total resources of the given type used by the specific entity and all of its sub-entities in the hierarchy.


Encoding Type:  One-Hot
+---------------------------------------------------------------------------------------------------------------------------------------------------------------------------------------------+
; State Machine - |Lab4|present_state                                                                                                                                                         ;
+------------------+------------------+------------------+------------------+------------------+------------------+------------------+------------------+------------------+------------------+
; Name             ; present_state.P8 ; present_state.P7 ; present_state.P6 ; present_state.P5 ; present_state.P4 ; present_state.P3 ; present_state.P2 ; present_state.P1 ; present_state.P0 ;
+------------------+------------------+------------------+------------------+------------------+------------------+------------------+------------------+------------------+------------------+
; present_state.P0 ; 0                ; 0                ; 0                ; 0                ; 0                ; 0                ; 0                ; 0                ; 0                ;
; present_state.P1 ; 0                ; 0                ; 0                ; 0                ; 0                ; 0                ; 0                ; 1                ; 1                ;
; present_state.P2 ; 0                ; 0                ; 0                ; 0                ; 0                ; 0                ; 1                ; 0                ; 1                ;
; present_state.P3 ; 0                ; 0                ; 0                ; 0                ; 0                ; 1                ; 0                ; 0                ; 1                ;
; present_state.P4 ; 0                ; 0                ; 0                ; 0                ; 1                ; 0                ; 0                ; 0                ; 1                ;
; present_state.P5 ; 0                ; 0                ; 0                ; 1                ; 0                ; 0                ; 0                ; 0                ; 1                ;
; present_state.P6 ; 0                ; 0                ; 1                ; 0                ; 0                ; 0                ; 0                ; 0                ; 1                ;
; present_state.P7 ; 0                ; 1                ; 0                ; 0                ; 0                ; 0                ; 0                ; 0                ; 1                ;
; present_state.P8 ; 1                ; 0                ; 0                ; 0                ; 0                ; 0                ; 0                ; 0                ; 1                ;
+------------------+------------------+------------------+------------------+------------------+------------------+------------------+------------------+------------------+------------------+


+----------------------------------------------------------------------------------------------------+
; User-Specified and Inferred Latches                                                                ;
+-----------------------------------------------------+---------------------+------------------------+
; Latch Name                                          ; Latch Enable Signal ; Free of Timing Hazards ;
+-----------------------------------------------------+---------------------+------------------------+
; result[0]$latch                                     ; present_state.P8    ; yes                    ;
; result[1]$latch                                     ; present_state.P8    ; yes                    ;
; result[2]$latch                                     ; present_state.P8    ; yes                    ;
; result[3]$latch                                     ; present_state.P8    ; yes                    ;
; result[4]$latch                                     ; present_state.P8    ; yes                    ;
; result[5]$latch                                     ; present_state.P8    ; yes                    ;
; result[6]$latch                                     ; present_state.P8    ; yes                    ;
; result[7]$latch                                     ; present_state.P8    ; yes                    ;
; result[8]$latch                                     ; present_state.P8    ; yes                    ;
; result[9]$latch                                     ; present_state.P8    ; yes                    ;
; result[10]$latch                                    ; present_state.P8    ; yes                    ;
; result[11]$latch                                    ; present_state.P8    ; yes                    ;
; result[12]$latch                                    ; present_state.P8    ; yes                    ;
; result[13]$latch                                    ; present_state.P8    ; yes                    ;
; result[14]$latch                                    ; present_state.P8    ; yes                    ;
; result[15]$latch                                    ; present_state.P8    ; yes                    ;
; mux_en                                              ; present_state.P8    ; yes                    ;
; mux_sel                                             ; present_state.P8    ; yes                    ;
; Number of user-specified and inferred latches = 18  ;                     ;                        ;
+-----------------------------------------------------+---------------------+------------------------+
Note: All latches listed above may not be present at the end of synthesis due to various synthesis optimizations.


+-----------------------------------------------------------------+
; Registers Removed During Synthesis                              ;
+---------------------------------------+-------------------------+
; Register name                         ; Reason for Removal      ;
+---------------------------------------+-------------------------+
; partial[17]                           ; Merged with partial[16] ;
; Total Number of Removed Registers = 1 ;                         ;
+---------------------------------------+-------------------------+


+------------------------------------------------------+
; General Register Statistics                          ;
+----------------------------------------------+-------+
; Statistic                                    ; Value ;
+----------------------------------------------+-------+
; Total registers                              ; 26    ;
; Number of registers using Synchronous Clear  ; 0     ;
; Number of registers using Synchronous Load   ; 0     ;
; Number of registers using Asynchronous Clear ; 9     ;
; Number of registers using Asynchronous Load  ; 0     ;
; Number of registers using Clock Enable       ; 17    ;
; Number of registers using Preset             ; 0     ;
+----------------------------------------------+-------+


+----------------------------------------------------------------+
; Parameter Settings for User Entity Instance: mux4to1:adder_mux ;
+----------------+-------+---------------------------------------+
; Parameter Name ; Value ; Type                                  ;
+----------------+-------+---------------------------------------+
; n              ; 8     ; Signed Integer                        ;
+----------------+-------+---------------------------------------+
Note: In order to hide this table in the UI and the text report file, please set the "Show Parameter Settings in Synthesis Report" option in "Analysis and Synthesis Settings -> More Settings" to "Off".


+-------------------------------------------------------------------------------+
; Parameter Settings for User Entity Instance: mux4to1:adder_mux|mux2to1:stage1 ;
+----------------+-------+------------------------------------------------------+
; Parameter Name ; Value ; Type                                                 ;
+----------------+-------+------------------------------------------------------+
; n              ; 8     ; Signed Integer                                       ;
+----------------+-------+------------------------------------------------------+
Note: In order to hide this table in the UI and the text report file, please set the "Show Parameter Settings in Synthesis Report" option in "Analysis and Synthesis Settings -> More Settings" to "Off".


+-------------------------------------------------------------------------------+
; Parameter Settings for User Entity Instance: mux4to1:adder_mux|mux2to1:stage2 ;
+----------------+-------+------------------------------------------------------+
; Parameter Name ; Value ; Type                                                 ;
+----------------+-------+------------------------------------------------------+
; n              ; 8     ; Signed Integer                                       ;
+----------------+-------+------------------------------------------------------+
Note: In order to hide this table in the UI and the text report file, please set the "Show Parameter Settings in Synthesis Report" option in "Analysis and Synthesis Settings -> More Settings" to "Off".


+-------------------------------------------------------------------------------+
; Parameter Settings for User Entity Instance: mux4to1:adder_mux|mux2to1:stage3 ;
+----------------+-------+------------------------------------------------------+
; Parameter Name ; Value ; Type                                                 ;
+----------------+-------+------------------------------------------------------+
; n              ; 8     ; Signed Integer                                       ;
+----------------+-------+------------------------------------------------------+
Note: In order to hide this table in the UI and the text report file, please set the "Show Parameter Settings in Synthesis Report" option in "Analysis and Synthesis Settings -> More Settings" to "Off".


+----------------------------------------------------------------------------------------------------------------+
; Port Connectivity Checks: "ripple_carry:adder"                                                                 ;
+------+--------+----------+-------------------------------------------------------------------------------------+
; Port ; Type   ; Severity ; Details                                                                             ;
+------+--------+----------+-------------------------------------------------------------------------------------+
; cout ; Output ; Info     ; Connected to dangling logic. Logic that only feeds a dangling port will be removed. ;
+------+--------+----------+-------------------------------------------------------------------------------------+


+-----------------------------------------------+
; Port Connectivity Checks: "mux4to1:adder_mux" ;
+------+-------+----------+---------------------+
; Port ; Type  ; Severity ; Details             ;
+------+-------+----------+---------------------+
; w0   ; Input ; Info     ; Stuck at GND        ;
; w1   ; Input ; Info     ; Stuck at GND        ;
+------+-------+----------+---------------------+


+-----------------------------------------------------+
; Post-Synthesis Netlist Statistics for Top Partition ;
+-----------------------+-----------------------------+
; Type                  ; Count                       ;
+-----------------------+-----------------------------+
; boundary_port         ; 35                          ;
; cycloneiii_ff         ; 26                          ;
;     CLR               ; 9                           ;
;     ENA               ; 17                          ;
; cycloneiii_lcell_comb ; 51                          ;
;     normal            ; 51                          ;
;         1 data inputs ; 1                           ;
;         2 data inputs ; 2                           ;
;         3 data inputs ; 25                          ;
;         4 data inputs ; 23                          ;
;                       ;                             ;
; Max LUT depth         ; 9.00                        ;
; Average LUT depth     ; 3.46                        ;
+-----------------------+-----------------------------+


+-------------------------------+
; Elapsed Time Per Partition    ;
+----------------+--------------+
; Partition Name ; Elapsed Time ;
+----------------+--------------+
; Top            ; 00:00:00     ;
+----------------+--------------+


+-------------------------------+
; Analysis & Synthesis Messages ;
+-------------------------------+
Info: *******************************************************************
Info: Running Quartus Prime Analysis & Synthesis
    Info: Version 20.1.0 Build 711 06/05/2020 SJ Lite Edition
    Info: Processing started: Mon Nov 21 12:00:30 2022
Info: Command: quartus_map --read_settings_files=on --write_settings_files=off Lab4 -c Lab4
Warning (18236): Number of processors has not been specified which may cause overloading on shared machines.  Set the global assignment NUM_PARALLEL_PROCESSORS in your QSF to an appropriate value for best performance.
Info (20030): Parallel compilation is enabled and will use 6 of the 6 processors detected
Info (12021): Found 2 design units, including 1 entities, in source file lab4.vhd
    Info (12022): Found design unit 1: Lab4-Lab4_arch File: C:/Users/seant/Nextcloud/Documents/School/2022 Fall/ECE 375 Digital Design 2/Labs/Lab4/Lab4.vhd Line: 14
    Info (12023): Found entity 1: Lab4 File: C:/Users/seant/Nextcloud/Documents/School/2022 Fall/ECE 375 Digital Design 2/Labs/Lab4/Lab4.vhd Line: 6
Info (12021): Found 2 design units, including 1 entities, in source file mux2to1.vhd
    Info (12022): Found design unit 1: mux2to1-LogicFunc File: C:/Users/seant/Nextcloud/Documents/School/2022 Fall/ECE 375 Digital Design 2/Labs/Lab4/mux2to1.vhd Line: 15
    Info (12023): Found entity 1: mux2to1 File: C:/Users/seant/Nextcloud/Documents/School/2022 Fall/ECE 375 Digital Design 2/Labs/Lab4/mux2to1.vhd Line: 8
Info (12021): Found 2 design units, including 1 entities, in source file regn.vhd
    Info (12022): Found design unit 1: regN-behavior File: C:/Users/seant/Nextcloud/Documents/School/2022 Fall/ECE 375 Digital Design 2/Labs/Lab4/regN.vhd Line: 12
    Info (12023): Found entity 1: regN File: C:/Users/seant/Nextcloud/Documents/School/2022 Fall/ECE 375 Digital Design 2/Labs/Lab4/regN.vhd Line: 5
Info (12021): Found 2 design units, including 1 entities, in source file fulladd.vhd
    Info (12022): Found design unit 1: fulladd-LogicFunc File: C:/Users/seant/Nextcloud/Documents/School/2022 Fall/ECE 375 Digital Design 2/Labs/Lab4/fulladd.vhd Line: 10
    Info (12023): Found entity 1: fulladd File: C:/Users/seant/Nextcloud/Documents/School/2022 Fall/ECE 375 Digital Design 2/Labs/Lab4/fulladd.vhd Line: 5
Info (12021): Found 2 design units, including 1 entities, in source file ripplecarry.vhd
    Info (12022): Found design unit 1: ripple_carry-struc_behaviour File: C:/Users/seant/Nextcloud/Documents/School/2022 Fall/ECE 375 Digital Design 2/Labs/Lab4/ripplecarry.vhd Line: 14
    Info (12023): Found entity 1: ripple_carry File: C:/Users/seant/Nextcloud/Documents/School/2022 Fall/ECE 375 Digital Design 2/Labs/Lab4/ripplecarry.vhd Line: 7
Info (12021): Found 2 design units, including 1 entities, in source file mux4to1.vhd
    Info (12022): Found design unit 1: mux4to1-struc_behaviour File: C:/Users/seant/Nextcloud/Documents/School/2022 Fall/ECE 375 Digital Design 2/Labs/Lab4/mux4to1.vhd Line: 15
    Info (12023): Found entity 1: mux4to1 File: C:/Users/seant/Nextcloud/Documents/School/2022 Fall/ECE 375 Digital Design 2/Labs/Lab4/mux4to1.vhd Line: 6
Info (12021): Found 1 design units, including 0 entities, in source file components.vhd
    Info (12022): Found design unit 1: components File: C:/Users/seant/Nextcloud/Documents/School/2022 Fall/ECE 375 Digital Design 2/Labs/Lab4/components.vhd Line: 5
Info (12127): Elaborating entity "Lab4" for the top level hierarchy
Warning (10036): Verilog HDL or VHDL warning at Lab4.vhd(17): object "Cout_trash" assigned a value but never read File: C:/Users/seant/Nextcloud/Documents/School/2022 Fall/ECE 375 Digital Design 2/Labs/Lab4/Lab4.vhd Line: 17
Warning (10492): VHDL Process Statement warning at Lab4.vhd(38): signal "multiplier" is read inside the Process Statement but isn't in the Process Statement's sensitivity list File: C:/Users/seant/Nextcloud/Documents/School/2022 Fall/ECE 375 Digital Design 2/Labs/Lab4/Lab4.vhd Line: 38
Warning (10492): VHDL Process Statement warning at Lab4.vhd(42): signal "multiplier" is read inside the Process Statement but isn't in the Process Statement's sensitivity list File: C:/Users/seant/Nextcloud/Documents/School/2022 Fall/ECE 375 Digital Design 2/Labs/Lab4/Lab4.vhd Line: 42
Warning (10492): VHDL Process Statement warning at Lab4.vhd(46): signal "multiplier" is read inside the Process Statement but isn't in the Process Statement's sensitivity list File: C:/Users/seant/Nextcloud/Documents/School/2022 Fall/ECE 375 Digital Design 2/Labs/Lab4/Lab4.vhd Line: 46
Warning (10492): VHDL Process Statement warning at Lab4.vhd(50): signal "multiplier" is read inside the Process Statement but isn't in the Process Statement's sensitivity list File: C:/Users/seant/Nextcloud/Documents/School/2022 Fall/ECE 375 Digital Design 2/Labs/Lab4/Lab4.vhd Line: 50
Warning (10492): VHDL Process Statement warning at Lab4.vhd(54): signal "multiplier" is read inside the Process Statement but isn't in the Process Statement's sensitivity list File: C:/Users/seant/Nextcloud/Documents/School/2022 Fall/ECE 375 Digital Design 2/Labs/Lab4/Lab4.vhd Line: 54
Warning (10492): VHDL Process Statement warning at Lab4.vhd(58): signal "multiplier" is read inside the Process Statement but isn't in the Process Statement's sensitivity list File: C:/Users/seant/Nextcloud/Documents/School/2022 Fall/ECE 375 Digital Design 2/Labs/Lab4/Lab4.vhd Line: 58
Warning (10492): VHDL Process Statement warning at Lab4.vhd(62): signal "multiplier" is read inside the Process Statement but isn't in the Process Statement's sensitivity list File: C:/Users/seant/Nextcloud/Documents/School/2022 Fall/ECE 375 Digital Design 2/Labs/Lab4/Lab4.vhd Line: 62
Warning (10492): VHDL Process Statement warning at Lab4.vhd(66): signal "multiplier" is read inside the Process Statement but isn't in the Process Statement's sensitivity list File: C:/Users/seant/Nextcloud/Documents/School/2022 Fall/ECE 375 Digital Design 2/Labs/Lab4/Lab4.vhd Line: 66
Warning (10492): VHDL Process Statement warning at Lab4.vhd(71): signal "partial" is read inside the Process Statement but isn't in the Process Statement's sensitivity list File: C:/Users/seant/Nextcloud/Documents/School/2022 Fall/ECE 375 Digital Design 2/Labs/Lab4/Lab4.vhd Line: 71
Warning (10631): VHDL Process Statement warning at Lab4.vhd(35): inferring latch(es) for signal or variable "mux_en", which holds its previous value in one or more paths through the process File: C:/Users/seant/Nextcloud/Documents/School/2022 Fall/ECE 375 Digital Design 2/Labs/Lab4/Lab4.vhd Line: 35
Warning (10631): VHDL Process Statement warning at Lab4.vhd(35): inferring latch(es) for signal or variable "mux_sel", which holds its previous value in one or more paths through the process File: C:/Users/seant/Nextcloud/Documents/School/2022 Fall/ECE 375 Digital Design 2/Labs/Lab4/Lab4.vhd Line: 35
Warning (10631): VHDL Process Statement warning at Lab4.vhd(35): inferring latch(es) for signal or variable "result", which holds its previous value in one or more paths through the process File: C:/Users/seant/Nextcloud/Documents/School/2022 Fall/ECE 375 Digital Design 2/Labs/Lab4/Lab4.vhd Line: 35
Info (10041): Inferred latch for "result[0]" at Lab4.vhd(35) File: C:/Users/seant/Nextcloud/Documents/School/2022 Fall/ECE 375 Digital Design 2/Labs/Lab4/Lab4.vhd Line: 35
Info (10041): Inferred latch for "result[1]" at Lab4.vhd(35) File: C:/Users/seant/Nextcloud/Documents/School/2022 Fall/ECE 375 Digital Design 2/Labs/Lab4/Lab4.vhd Line: 35
Info (10041): Inferred latch for "result[2]" at Lab4.vhd(35) File: C:/Users/seant/Nextcloud/Documents/School/2022 Fall/ECE 375 Digital Design 2/Labs/Lab4/Lab4.vhd Line: 35
Info (10041): Inferred latch for "result[3]" at Lab4.vhd(35) File: C:/Users/seant/Nextcloud/Documents/School/2022 Fall/ECE 375 Digital Design 2/Labs/Lab4/Lab4.vhd Line: 35
Info (10041): Inferred latch for "result[4]" at Lab4.vhd(35) File: C:/Users/seant/Nextcloud/Documents/School/2022 Fall/ECE 375 Digital Design 2/Labs/Lab4/Lab4.vhd Line: 35
Info (10041): Inferred latch for "result[5]" at Lab4.vhd(35) File: C:/Users/seant/Nextcloud/Documents/School/2022 Fall/ECE 375 Digital Design 2/Labs/Lab4/Lab4.vhd Line: 35
Info (10041): Inferred latch for "result[6]" at Lab4.vhd(35) File: C:/Users/seant/Nextcloud/Documents/School/2022 Fall/ECE 375 Digital Design 2/Labs/Lab4/Lab4.vhd Line: 35
Info (10041): Inferred latch for "result[7]" at Lab4.vhd(35) File: C:/Users/seant/Nextcloud/Documents/School/2022 Fall/ECE 375 Digital Design 2/Labs/Lab4/Lab4.vhd Line: 35
Info (10041): Inferred latch for "result[8]" at Lab4.vhd(35) File: C:/Users/seant/Nextcloud/Documents/School/2022 Fall/ECE 375 Digital Design 2/Labs/Lab4/Lab4.vhd Line: 35
Info (10041): Inferred latch for "result[9]" at Lab4.vhd(35) File: C:/Users/seant/Nextcloud/Documents/School/2022 Fall/ECE 375 Digital Design 2/Labs/Lab4/Lab4.vhd Line: 35
Info (10041): Inferred latch for "result[10]" at Lab4.vhd(35) File: C:/Users/seant/Nextcloud/Documents/School/2022 Fall/ECE 375 Digital Design 2/Labs/Lab4/Lab4.vhd Line: 35
Info (10041): Inferred latch for "result[11]" at Lab4.vhd(35) File: C:/Users/seant/Nextcloud/Documents/School/2022 Fall/ECE 375 Digital Design 2/Labs/Lab4/Lab4.vhd Line: 35
Info (10041): Inferred latch for "result[12]" at Lab4.vhd(35) File: C:/Users/seant/Nextcloud/Documents/School/2022 Fall/ECE 375 Digital Design 2/Labs/Lab4/Lab4.vhd Line: 35
Info (10041): Inferred latch for "result[13]" at Lab4.vhd(35) File: C:/Users/seant/Nextcloud/Documents/School/2022 Fall/ECE 375 Digital Design 2/Labs/Lab4/Lab4.vhd Line: 35
Info (10041): Inferred latch for "result[14]" at Lab4.vhd(35) File: C:/Users/seant/Nextcloud/Documents/School/2022 Fall/ECE 375 Digital Design 2/Labs/Lab4/Lab4.vhd Line: 35
Info (10041): Inferred latch for "result[15]" at Lab4.vhd(35) File: C:/Users/seant/Nextcloud/Documents/School/2022 Fall/ECE 375 Digital Design 2/Labs/Lab4/Lab4.vhd Line: 35
Info (10041): Inferred latch for "mux_sel" at Lab4.vhd(35) File: C:/Users/seant/Nextcloud/Documents/School/2022 Fall/ECE 375 Digital Design 2/Labs/Lab4/Lab4.vhd Line: 35
Info (10041): Inferred latch for "mux_en" at Lab4.vhd(35) File: C:/Users/seant/Nextcloud/Documents/School/2022 Fall/ECE 375 Digital Design 2/Labs/Lab4/Lab4.vhd Line: 35
Info (12128): Elaborating entity "mux4to1" for hierarchy "mux4to1:adder_mux" File: C:/Users/seant/Nextcloud/Documents/School/2022 Fall/ECE 375 Digital Design 2/Labs/Lab4/Lab4.vhd Line: 79
Info (12128): Elaborating entity "mux2to1" for hierarchy "mux4to1:adder_mux|mux2to1:stage1" File: C:/Users/seant/Nextcloud/Documents/School/2022 Fall/ECE 375 Digital Design 2/Labs/Lab4/mux4to1.vhd Line: 20
Info (12128): Elaborating entity "ripple_carry" for hierarchy "ripple_carry:adder" File: C:/Users/seant/Nextcloud/Documents/School/2022 Fall/ECE 375 Digital Design 2/Labs/Lab4/Lab4.vhd Line: 86
Info (12128): Elaborating entity "fulladd" for hierarchy "ripple_carry:adder|fulladd:stage1" File: C:/Users/seant/Nextcloud/Documents/School/2022 Fall/ECE 375 Digital Design 2/Labs/Lab4/ripplecarry.vhd Line: 31
Info (286030): Timing-Driven Synthesis is running
Info (16010): Generating hard_block partition "hard_block:auto_generated_inst"
    Info (16011): Adding 0 node(s), including 0 DDIO, 0 PLL, 0 transceiver and 0 LCELL
Warning (21074): Design contains 1 input pin(s) that do not drive logic
    Warning (15610): No output dependent on input pin "enable" File: C:/Users/seant/Nextcloud/Documents/School/2022 Fall/ECE 375 Digital Design 2/Labs/Lab4/Lab4.vhd Line: 9
Info (21057): Implemented 100 device resources after synthesis - the final resource count might be different
    Info (21058): Implemented 19 input pins
    Info (21059): Implemented 16 output pins
    Info (21061): Implemented 65 logic cells
Info: Quartus Prime Analysis & Synthesis was successful. 0 errors, 16 warnings
    Info: Peak virtual memory: 4818 megabytes
    Info: Processing ended: Mon Nov 21 12:00:49 2022
    Info: Elapsed time: 00:00:19
    Info: Total CPU time (on all processors): 00:00:39


